info it worked if it ends with ok
verbose cli [ 'node', '/usr/local/bin/npm', 'publish', '--fource' ]
info using npm@1.0.15
info using node@v0.5.1-pre
verbose config file /root/.npmrc
verbose config file /usr/local/etc/npmrc
verbose publish [ '.' ]
silly testEngine { name: 'rpc-socket',
silly testEngine   version: '0.0.1',
silly testEngine   description: 'RPC like calling over different types of sockets',
silly testEngine   keywords: [ 'rpc', 'json', 'socket', 'server', 'client' ],
silly testEngine   author: { name: 'Tim', email: 'flybyme@wiyc.info' },
silly testEngine   bugs: 
silly testEngine    { email: 'bug@wiyc.info',
silly testEngine      url: 'https://github.com/FLYBYME/rpc-socket' },
silly testEngine   repository: 
silly testEngine    { type: 'git',
silly testEngine      url: 'git://github.com/FLYBYME/rpc-socket.git' },
silly testEngine   engines: { node: '>=0.4.0' },
silly testEngine   main: './lib/manager',
silly testEngine   dependencies: { 'socket.io': '' },
silly testEngine   devDependencies: {},
silly testEngine   _npmJsonOpts: 
silly testEngine    { file: 'package.json',
silly testEngine      wscript: false,
silly testEngine      contributors: false,
silly testEngine      serverjs: false },
silly testEngine   _id: 'rpc-socket@0.0.1',
silly testEngine   _engineSupported: true,
silly testEngine   _npmVersion: '1.0.15',
silly testEngine   _nodeVersion: 'v0.5.1-pre',
silly testEngine   _defaultsLoaded: true,
silly testEngine   path: '/home/bob/rpc-socket' }
verbose caching package.json
verbose loadDefaults rpc-socket@0.0.1
verbose pack /home/bob/rpc-socket /tmp/npm-1312053990236/1312053990235-0.20855835522525012/tmp.tgz
verbose mkdir done: /tmp/npm-1312053990236/1312053990235-0.20855835522525012 755
verbose mkdir'ed /tmp/npm-1312053990236/1312053990235-0.20855835522525012
verbose tar about to write tar and gzip it.
silly tar args [ '-cvf',
silly tar args   '-',
silly tar args   'rpc-socket/README.md',
silly tar args   'rpc-socket/.project',
silly tar args   'rpc-socket/package.json',
silly tar args   'rpc-socket/test/httpiosocket.js',
silly tar args   'rpc-socket/test/VfE_html5.mp4',
silly tar args   'rpc-socket/test/server.js',
silly tar args   'rpc-socket/test/httpstaticfile.js',
silly tar args   'rpc-socket/test/httpcustomrequest.js',
silly tar args   'rpc-socket/test/weaver.mkv',
silly tar args   'rpc-socket/test/tcpserver.js',
silly tar args   'rpc-socket/test/rpc-server.js',
silly tar args   'rpc-socket/test/tcpclient.js',
silly tar args   'rpc-socket/.settings/org.eclipse.ltk.core.refactoring.prefs',
silly tar args   'rpc-socket/.settings/org.eclipse.wst.jsdt.ui.superType.name',
silly tar args   'rpc-socket/.settings/.jsdtscope',
silly tar args   'rpc-socket/.settings/org.eclipse.wst.jsdt.ui.superType.container',
silly tar args   'rpc-socket/lib/rpc.js',
silly tar args   'rpc-socket/lib/manager.js',
silly tar args   'rpc-socket/lib/socket.js',
silly tar args   'rpc-socket/lib/clients.js',
silly tar args   'rpc-socket/lib/utils.js',
silly tar args   'rpc-socket/lib/servers.js',
silly tar args   'rpc-socket/lib/exposed.js',
silly tar args   'rpc-socket/lib/Modules/system.js' ]
verbose success tar -cvf - <file list elided>
verbose success gzip "--stdout"
verbose mkdir done: /tmp/npm-1312053990236/1312053990235-0.20855835522525012/contents/___package.npm 755
verbose unpack_ uid, gid [ 0, 0 ]
verbose unpackTarget /tmp/npm-1312053990236/1312053990235-0.20855835522525012/contents/package
silly gunzTarPerm modes [ '755', '644' ]
verbose success gzip "--decompress" "--stdout" "/tmp/npm-1312053990236/1312053990235-0.20855835522525012/tmp.tgz"
verbose success tar "-mvxpf" "-" "--no-same-owner" "-C" "/tmp/npm-1312053990236/1312053990235-0.20855835522525012/contents/___package.npm"
silly asyncMap in gTP /tmp/npm-1312053990236/1312053990235-0.20855835522525012/contents/___package.npm/rpc-socket/
silly asyncMap in gTP /tmp/npm-1312053990236/1312053990235-0.20855835522525012/contents/___package.npm/rpc-socket/README.md
silly asyncMap in gTP /tmp/npm-1312053990236/1312053990235-0.20855835522525012/contents/___package.npm/rpc-socket/.project
silly asyncMap in gTP /tmp/npm-1312053990236/1312053990235-0.20855835522525012/contents/___package.npm/rpc-socket/package.json
silly asyncMap in gTP /tmp/npm-1312053990236/1312053990235-0.20855835522525012/contents/___package.npm/rpc-socket/test/
silly asyncMap in gTP /tmp/npm-1312053990236/1312053990235-0.20855835522525012/contents/___package.npm/rpc-socket/test/httpiosocket.js
silly asyncMap in gTP /tmp/npm-1312053990236/1312053990235-0.20855835522525012/contents/___package.npm/rpc-socket/test/VfE_html5.mp4
silly asyncMap in gTP /tmp/npm-1312053990236/1312053990235-0.20855835522525012/contents/___package.npm/rpc-socket/test/server.js
silly asyncMap in gTP /tmp/npm-1312053990236/1312053990235-0.20855835522525012/contents/___package.npm/rpc-socket/test/httpstaticfile.js
silly asyncMap in gTP /tmp/npm-1312053990236/1312053990235-0.20855835522525012/contents/___package.npm/rpc-socket/test/httpcustomrequest.js
silly asyncMap in gTP /tmp/npm-1312053990236/1312053990235-0.20855835522525012/contents/___package.npm/rpc-socket/test/weaver.mkv
silly asyncMap in gTP /tmp/npm-1312053990236/1312053990235-0.20855835522525012/contents/___package.npm/rpc-socket/test/tcpserver.js
silly asyncMap in gTP /tmp/npm-1312053990236/1312053990235-0.20855835522525012/contents/___package.npm/rpc-socket/test/rpc-server.js
silly asyncMap in gTP /tmp/npm-1312053990236/1312053990235-0.20855835522525012/contents/___package.npm/rpc-socket/test/tcpclient.js
silly asyncMap in gTP /tmp/npm-1312053990236/1312053990235-0.20855835522525012/contents/___package.npm/rpc-socket/.settings/
silly asyncMap in gTP /tmp/npm-1312053990236/1312053990235-0.20855835522525012/contents/___package.npm/rpc-socket/.settings/org.eclipse.ltk.core.refactoring.prefs
silly asyncMap in gTP /tmp/npm-1312053990236/1312053990235-0.20855835522525012/contents/___package.npm/rpc-socket/.settings/org.eclipse.wst.jsdt.ui.superType.name
silly asyncMap in gTP /tmp/npm-1312053990236/1312053990235-0.20855835522525012/contents/___package.npm/rpc-socket/.settings/.jsdtscope
silly asyncMap in gTP /tmp/npm-1312053990236/1312053990235-0.20855835522525012/contents/___package.npm/rpc-socket/.settings/org.eclipse.wst.jsdt.ui.superType.container
silly asyncMap in gTP /tmp/npm-1312053990236/1312053990235-0.20855835522525012/contents/___package.npm/rpc-socket/lib/
silly asyncMap in gTP /tmp/npm-1312053990236/1312053990235-0.20855835522525012/contents/___package.npm/rpc-socket/lib/rpc.js
silly asyncMap in gTP /tmp/npm-1312053990236/1312053990235-0.20855835522525012/contents/___package.npm/rpc-socket/lib/manager.js
silly asyncMap in gTP /tmp/npm-1312053990236/1312053990235-0.20855835522525012/contents/___package.npm/rpc-socket/lib/socket.js
silly asyncMap in gTP /tmp/npm-1312053990236/1312053990235-0.20855835522525012/contents/___package.npm/rpc-socket/lib/clients.js
silly asyncMap in gTP /tmp/npm-1312053990236/1312053990235-0.20855835522525012/contents/___package.npm/rpc-socket/lib/utils.js
silly asyncMap in gTP /tmp/npm-1312053990236/1312053990235-0.20855835522525012/contents/___package.npm/rpc-socket/lib/servers.js
silly asyncMap in gTP /tmp/npm-1312053990236/1312053990235-0.20855835522525012/contents/___package.npm/rpc-socket/lib/exposed.js
silly asyncMap in gTP /tmp/npm-1312053990236/1312053990235-0.20855835522525012/contents/___package.npm/rpc-socket/lib/Modules/
silly asyncMap in gTP /tmp/npm-1312053990236/1312053990235-0.20855835522525012/contents/___package.npm/rpc-socket/lib/Modules/system.js
silly chmod README.md 755
silly chmod .project 755
silly chmod package.json 755
silly chmod VfE_html5.mp4 755
silly chmod server.js 755
silly chmod weaver.mkv 755
silly chmod rpc-server.js 755
silly chmod org.eclipse.ltk.core.refactoring.prefs 755
silly chmod org.eclipse.wst.jsdt.ui.superType.name 755
silly chmod .jsdtscope 755
silly chmod org.eclipse.wst.jsdt.ui.superType.container 755
verbose gunzed /tmp/npm-1312053990236/1312053990235-0.20855835522525012/contents/___package.npm/rpc-socket
verbose rm'ed /tmp/npm-1312053990236/1312053990235-0.20855835522525012/contents/package
verbose renamed [ '/tmp/npm-1312053990236/1312053990235-0.20855835522525012/contents/___package.npm/rpc-socket',
verbose renamed   '/tmp/npm-1312053990236/1312053990235-0.20855835522525012/contents/package' ]
silly testEngine { name: 'rpc-socket',
silly testEngine   version: '0.0.1',
silly testEngine   description: 'RPC like calling over different types of sockets',
silly testEngine   keywords: [ 'rpc', 'json', 'socket', 'server', 'client' ],
silly testEngine   author: { name: 'Tim', email: 'flybyme@wiyc.info' },
silly testEngine   bugs: 
silly testEngine    { email: 'bug@wiyc.info',
silly testEngine      url: 'https://github.com/FLYBYME/rpc-socket' },
silly testEngine   repository: 
silly testEngine    { type: 'git',
silly testEngine      url: 'git://github.com/FLYBYME/rpc-socket.git' },
silly testEngine   engines: { node: '>=0.4.0' },
silly testEngine   main: './lib/manager',
silly testEngine   dependencies: { 'socket.io': '' },
silly testEngine   devDependencies: {},
silly testEngine   _npmJsonOpts: 
silly testEngine    { file: '/tmp/npm-1312053990236/1312053990235-0.20855835522525012/contents/package/package.json',
silly testEngine      wscript: false,
silly testEngine      contributors: false,
silly testEngine      serverjs: false },
silly testEngine   _id: 'rpc-socket@0.0.1',
silly testEngine   _engineSupported: true,
silly testEngine   _npmVersion: '1.0.15',
silly testEngine   _nodeVersion: 'v0.5.1-pre',
silly testEngine   _defaultsLoaded: true,
silly testEngine   path: '/tmp/npm-1312053990236/1312053990235-0.20855835522525012/contents/package' }
verbose caching /tmp/npm-1312053990236/1312053990235-0.20855835522525012/contents/package/package.json
verbose loadDefaults rpc-socket@0.0.1
verbose tarball contents [ 'package' ]
verbose from cache /tmp/npm-1312053990236/1312053990235-0.20855835522525012/contents/package/package.json
verbose pack /tmp/npm-1312053990236/1312053990235-0.20855835522525012/contents/package /root/.npm/rpc-socket/0.0.1/package.tgz
verbose mkdir done: /root/.npm/rpc-socket/0.0.1 755
verbose mkdir'ed /root/.npm/rpc-socket/0.0.1
verbose tar about to write tar and gzip it.
silly tar args [ '-cvf',
silly tar args   '-',
silly tar args   'package/README.md',
silly tar args   'package/.project',
silly tar args   'package/package.json',
silly tar args   'package/test/httpiosocket.js',
silly tar args   'package/test/VfE_html5.mp4',
silly tar args   'package/test/server.js',
silly tar args   'package/test/httpstaticfile.js',
silly tar args   'package/test/httpcustomrequest.js',
silly tar args   'package/test/weaver.mkv',
silly tar args   'package/test/tcpserver.js',
silly tar args   'package/test/rpc-server.js',
silly tar args   'package/test/tcpclient.js',
silly tar args   'package/.settings/org.eclipse.ltk.core.refactoring.prefs',
silly tar args   'package/.settings/org.eclipse.wst.jsdt.ui.superType.name',
silly tar args   'package/.settings/.jsdtscope',
silly tar args   'package/.settings/org.eclipse.wst.jsdt.ui.superType.container',
silly tar args   'package/lib/rpc.js',
silly tar args   'package/lib/manager.js',
silly tar args   'package/lib/socket.js',
silly tar args   'package/lib/clients.js',
silly tar args   'package/lib/utils.js',
silly tar args   'package/lib/servers.js',
silly tar args   'package/lib/exposed.js',
silly tar args   'package/lib/Modules/system.js' ]
verbose success tar -cvf - <file list elided>
verbose success gzip "--stdout"
verbose mkdir done: /root/.npm/rpc-socket/0.0.1/___package.npm 755
verbose unpack_ uid, gid [ 0, 0 ]
verbose unpackTarget /root/.npm/rpc-socket/0.0.1/package
silly gunzTarPerm modes [ '755', '644' ]
verbose success gzip "--decompress" "--stdout" "/root/.npm/rpc-socket/0.0.1/package.tgz"
verbose success tar "-mvxpf" "-" "--no-same-owner" "-C" "/root/.npm/rpc-socket/0.0.1/___package.npm"
silly asyncMap in gTP /root/.npm/rpc-socket/0.0.1/___package.npm/package/
silly asyncMap in gTP /root/.npm/rpc-socket/0.0.1/___package.npm/package/README.md
silly asyncMap in gTP /root/.npm/rpc-socket/0.0.1/___package.npm/package/.project
silly asyncMap in gTP /root/.npm/rpc-socket/0.0.1/___package.npm/package/package.json
silly asyncMap in gTP /root/.npm/rpc-socket/0.0.1/___package.npm/package/test/
silly asyncMap in gTP /root/.npm/rpc-socket/0.0.1/___package.npm/package/test/httpiosocket.js
silly asyncMap in gTP /root/.npm/rpc-socket/0.0.1/___package.npm/package/test/VfE_html5.mp4
silly asyncMap in gTP /root/.npm/rpc-socket/0.0.1/___package.npm/package/test/server.js
silly asyncMap in gTP /root/.npm/rpc-socket/0.0.1/___package.npm/package/test/httpstaticfile.js
silly asyncMap in gTP /root/.npm/rpc-socket/0.0.1/___package.npm/package/test/httpcustomrequest.js
silly asyncMap in gTP /root/.npm/rpc-socket/0.0.1/___package.npm/package/test/weaver.mkv
silly asyncMap in gTP /root/.npm/rpc-socket/0.0.1/___package.npm/package/test/tcpserver.js
silly asyncMap in gTP /root/.npm/rpc-socket/0.0.1/___package.npm/package/test/rpc-server.js
silly asyncMap in gTP /root/.npm/rpc-socket/0.0.1/___package.npm/package/test/tcpclient.js
silly asyncMap in gTP /root/.npm/rpc-socket/0.0.1/___package.npm/package/.settings/
silly asyncMap in gTP /root/.npm/rpc-socket/0.0.1/___package.npm/package/.settings/org.eclipse.ltk.core.refactoring.prefs
silly asyncMap in gTP /root/.npm/rpc-socket/0.0.1/___package.npm/package/.settings/org.eclipse.wst.jsdt.ui.superType.name
silly asyncMap in gTP /root/.npm/rpc-socket/0.0.1/___package.npm/package/.settings/.jsdtscope
silly asyncMap in gTP /root/.npm/rpc-socket/0.0.1/___package.npm/package/.settings/org.eclipse.wst.jsdt.ui.superType.container
silly asyncMap in gTP /root/.npm/rpc-socket/0.0.1/___package.npm/package/lib/
silly asyncMap in gTP /root/.npm/rpc-socket/0.0.1/___package.npm/package/lib/rpc.js
silly asyncMap in gTP /root/.npm/rpc-socket/0.0.1/___package.npm/package/lib/manager.js
silly asyncMap in gTP /root/.npm/rpc-socket/0.0.1/___package.npm/package/lib/socket.js
silly asyncMap in gTP /root/.npm/rpc-socket/0.0.1/___package.npm/package/lib/clients.js
silly asyncMap in gTP /root/.npm/rpc-socket/0.0.1/___package.npm/package/lib/utils.js
silly asyncMap in gTP /root/.npm/rpc-socket/0.0.1/___package.npm/package/lib/servers.js
silly asyncMap in gTP /root/.npm/rpc-socket/0.0.1/___package.npm/package/lib/exposed.js
silly asyncMap in gTP /root/.npm/rpc-socket/0.0.1/___package.npm/package/lib/Modules/
silly asyncMap in gTP /root/.npm/rpc-socket/0.0.1/___package.npm/package/lib/Modules/system.js
verbose gunzed /root/.npm/rpc-socket/0.0.1/___package.npm/package
verbose rm'ed /root/.npm/rpc-socket/0.0.1/package
verbose renamed [ '/root/.npm/rpc-socket/0.0.1/___package.npm/package',
verbose renamed   '/root/.npm/rpc-socket/0.0.1/package' ]
silly testEngine { name: 'rpc-socket',
silly testEngine   version: '0.0.1',
silly testEngine   description: 'RPC like calling over different types of sockets',
silly testEngine   keywords: [ 'rpc', 'json', 'socket', 'server', 'client' ],
silly testEngine   author: { name: 'Tim', email: 'flybyme@wiyc.info' },
silly testEngine   bugs: 
silly testEngine    { email: 'bug@wiyc.info',
silly testEngine      url: 'https://github.com/FLYBYME/rpc-socket' },
silly testEngine   repository: 
silly testEngine    { type: 'git',
silly testEngine      url: 'git://github.com/FLYBYME/rpc-socket.git' },
silly testEngine   engines: { node: '>=0.4.0' },
silly testEngine   main: './lib/manager',
silly testEngine   dependencies: { 'socket.io': '' },
silly testEngine   devDependencies: {},
silly testEngine   _npmJsonOpts: 
silly testEngine    { file: '/root/.npm/rpc-socket/0.0.1/package/package.json',
silly testEngine      wscript: false,
silly testEngine      contributors: false,
silly testEngine      serverjs: false },
silly testEngine   _id: 'rpc-socket@0.0.1',
silly testEngine   _engineSupported: true,
silly testEngine   _npmVersion: '1.0.15',
silly testEngine   _nodeVersion: 'v0.5.1-pre',
silly testEngine   _defaultsLoaded: true,
silly testEngine   dist: 
silly testEngine    { shasum: 'a2787d92b63e6b270f4305cf690f111db3f417e7',
silly testEngine      tarball: 'http://registry.npmjs.org/rpc-socket/-/rpc-socket-0.0.1.tgz' },
silly testEngine   scripts: {} }
verbose caching /root/.npm/rpc-socket/0.0.1/package/package.json
verbose loadDefaults rpc-socket@0.0.1
silly updated sha bytes 40960
silly updated sha bytes 40960
silly updated sha bytes 40960
silly updated sha bytes 40960
silly updated sha bytes 40960
silly updated sha bytes 40960
silly updated sha bytes 40960
silly updated sha bytes 40960
silly updated sha bytes 40960
silly updated sha bytes 40960
silly updated sha bytes 40960
silly updated sha bytes 40960
silly updated sha bytes 40960
silly updated sha bytes 40960
silly updated sha bytes 40960
silly updated sha bytes 40960
silly updated sha bytes 40960
silly updated sha bytes 40960
silly updated sha bytes 40960
silly updated sha bytes 40960
silly updated sha bytes 40960
silly updated sha bytes 40960
silly updated sha bytes 40960
silly updated sha bytes 40960
silly updated sha bytes 40960
silly updated sha bytes 40960
silly updated sha bytes 40960
silly updated sha bytes 40960
silly updated sha bytes 40960
silly updated sha bytes 40960
silly updated sha bytes 40960
silly updated sha bytes 40960
silly updated sha bytes 40960
silly updated sha bytes 40960
silly updated sha bytes 40960
silly updated sha bytes 40960
silly updated sha bytes 40960
silly updated sha bytes 40960
silly updated sha bytes 40960
silly updated sha bytes 40960
silly updated sha bytes 40960
silly updated sha bytes 40960
silly updated sha bytes 40960
silly updated sha bytes 40960
silly updated sha bytes 40960
silly updated sha bytes 40960
silly updated sha bytes 40960
silly updated sha bytes 40960
silly updated sha bytes 40960
silly updated sha bytes 40960
silly updated sha bytes 40960
silly updated sha bytes 40960
silly updated sha bytes 40960
silly updated sha bytes 40960
silly updated sha bytes 40960
silly updated sha bytes 40960
silly updated sha bytes 40960
silly updated sha bytes 40960
silly updated sha bytes 40960
silly updated sha bytes 40960
silly updated sha bytes 40960
silly updated sha bytes 40960
silly updated sha bytes 40960
silly updated sha bytes 40960
silly updated sha bytes 40960
silly updated sha bytes 40960
silly updated sha bytes 40960
silly updated sha bytes 40960
silly updated sha bytes 40960
silly updated sha bytes 40960
silly updated sha bytes 40960
silly updated sha bytes 40960
silly updated sha bytes 40960
silly updated sha bytes 40960
silly updated sha bytes 40960
silly updated sha bytes 40960
silly updated sha bytes 40960
silly updated sha bytes 40960
silly updated sha bytes 40960
silly updated sha bytes 40960
silly updated sha bytes 40960
silly updated sha bytes 40960
silly updated sha bytes 40960
silly updated sha bytes 40960
silly updated sha bytes 40960
silly updated sha bytes 40960
silly updated sha bytes 40960
silly updated sha bytes 40960
silly updated sha bytes 40960
silly updated sha bytes 40960
silly updated sha bytes 40960
silly updated sha bytes 40960
silly updated sha bytes 40960
silly updated sha bytes 40960
silly updated sha bytes 40960
silly updated sha bytes 40960
silly updated sha bytes 40960
silly updated sha bytes 40960
silly updated sha bytes 40960
silly updated sha bytes 40960
silly updated sha bytes 40960
silly updated sha bytes 40960
silly updated sha bytes 40960
silly updated sha bytes 40960
silly updated sha bytes 40960
silly updated sha bytes 40960
silly updated sha bytes 40960
silly updated sha bytes 40960
silly updated sha bytes 40960
silly updated sha bytes 40960
silly updated sha bytes 40960
silly updated sha bytes 40960
silly updated sha bytes 40960
silly updated sha bytes 40960
silly updated sha bytes 40960
silly updated sha bytes 40960
silly updated sha bytes 40960
silly updated sha bytes 40960
silly updated sha bytes 40960
silly updated sha bytes 40960
silly updated sha bytes 40960
silly updated sha bytes 40960
silly updated sha bytes 40960
silly updated sha bytes 40960
silly updated sha bytes 40960
silly updated sha bytes 40960
silly updated sha bytes 40960
silly updated sha bytes 40960
silly updated sha bytes 40960
silly updated sha bytes 40960
silly updated sha bytes 40960
silly updated sha bytes 40960
silly updated sha bytes 40960
silly updated sha bytes 40960
silly updated sha bytes 40960
silly updated sha bytes 40960
silly updated sha bytes 40960
silly updated sha bytes 40960
silly updated sha bytes 40960
silly updated sha bytes 40960
silly updated sha bytes 40960
silly updated sha bytes 40960
silly updated sha bytes 40960
silly updated sha bytes 40960
silly updated sha bytes 40960
silly updated sha bytes 40960
silly updated sha bytes 40960
silly updated sha bytes 40960
silly updated sha bytes 40960
silly updated sha bytes 40960
silly updated sha bytes 40960
silly updated sha bytes 40960
silly updated sha bytes 40960
silly updated sha bytes 40960
silly updated sha bytes 40960
silly updated sha bytes 40960
silly updated sha bytes 40960
silly updated sha bytes 40960
silly updated sha bytes 40960
silly updated sha bytes 40960
silly updated sha bytes 40960
silly updated sha bytes 40960
silly updated sha bytes 40960
silly updated sha bytes 40960
silly updated sha bytes 40960
silly updated sha bytes 40960
silly updated sha bytes 40960
silly updated sha bytes 40960
silly updated sha bytes 40960
silly updated sha bytes 40960
silly updated sha bytes 40960
silly updated sha bytes 40960
silly updated sha bytes 40960
silly updated sha bytes 40960
silly updated sha bytes 40960
silly updated sha bytes 40960
silly updated sha bytes 40960
silly updated sha bytes 40960
silly updated sha bytes 40960
silly updated sha bytes 40960
silly updated sha bytes 40960
silly updated sha bytes 40960
silly updated sha bytes 40960
silly updated sha bytes 40960
silly updated sha bytes 40960
silly updated sha bytes 40960
silly updated sha bytes 40960
silly updated sha bytes 40960
silly updated sha bytes 40960
silly updated sha bytes 40960
silly updated sha bytes 40960
silly updated sha bytes 40960
silly updated sha bytes 40960
silly updated sha bytes 40960
silly updated sha bytes 40960
silly updated sha bytes 40960
silly updated sha bytes 40960
silly updated sha bytes 40960
silly updated sha bytes 40960
silly updated sha bytes 40960
silly updated sha bytes 40960
silly updated sha bytes 40960
silly updated sha bytes 40960
silly updated sha bytes 40960
silly updated sha bytes 40960
silly updated sha bytes 40960
silly updated sha bytes 40960
silly updated sha bytes 40960
silly updated sha bytes 40960
silly updated sha bytes 40960
silly updated sha bytes 40960
silly updated sha bytes 40960
silly updated sha bytes 40960
silly updated sha bytes 40960
silly updated sha bytes 40960
silly updated sha bytes 40960
silly updated sha bytes 40960
silly updated sha bytes 40960
silly updated sha bytes 40960
silly updated sha bytes 40960
silly updated sha bytes 40960
silly updated sha bytes 40960
silly updated sha bytes 40960
silly updated sha bytes 40960
silly updated sha bytes 40960
silly updated sha bytes 40960
silly updated sha bytes 40960
silly updated sha bytes 40960
silly updated sha bytes 40960
silly updated sha bytes 40960
silly updated sha bytes 40960
silly updated sha bytes 40960
silly updated sha bytes 40960
silly updated sha bytes 40960
silly updated sha bytes 40960
silly updated sha bytes 40960
silly updated sha bytes 40960
silly updated sha bytes 40960
silly updated sha bytes 40960
silly updated sha bytes 40960
silly updated sha bytes 40960
silly updated sha bytes 40960
silly updated sha bytes 40960
silly updated sha bytes 40960
silly updated sha bytes 40960
silly updated sha bytes 40960
silly updated sha bytes 40960
silly updated sha bytes 40960
silly updated sha bytes 40960
silly updated sha bytes 40960
silly updated sha bytes 40960
silly updated sha bytes 40960
silly updated sha bytes 40960
silly updated sha bytes 40960
silly updated sha bytes 40960
silly updated sha bytes 40960
silly updated sha bytes 40960
silly updated sha bytes 40960
silly updated sha bytes 40960
silly updated sha bytes 40960
silly updated sha bytes 40960
silly updated sha bytes 40960
silly updated sha bytes 40960
silly updated sha bytes 40960
silly updated sha bytes 40960
silly updated sha bytes 40960
silly updated sha bytes 40960
silly updated sha bytes 40960
silly updated sha bytes 40960
silly updated sha bytes 40960
silly updated sha bytes 40960
silly updated sha bytes 40960
silly updated sha bytes 40960
silly updated sha bytes 40960
silly updated sha bytes 40960
silly updated sha bytes 40960
silly updated sha bytes 40960
silly updated sha bytes 40960
silly updated sha bytes 40960
silly updated sha bytes 40960
silly updated sha bytes 40960
silly updated sha bytes 40960
silly updated sha bytes 40960
silly updated sha bytes 40960
silly updated sha bytes 40960
silly updated sha bytes 40960
silly updated sha bytes 40960
silly updated sha bytes 40960
silly updated sha bytes 40960
silly updated sha bytes 40960
silly updated sha bytes 40960
silly updated sha bytes 40960
silly updated sha bytes 40960
silly updated sha bytes 40960
silly updated sha bytes 40960
silly updated sha bytes 40960
silly updated sha bytes 40960
silly updated sha bytes 40960
silly updated sha bytes 40960
silly updated sha bytes 40960
silly updated sha bytes 40960
silly updated sha bytes 40960
silly updated sha bytes 40960
silly updated sha bytes 40960
silly updated sha bytes 40960
silly updated sha bytes 40960
silly updated sha bytes 40960
silly updated sha bytes 40960
silly updated sha bytes 40960
silly updated sha bytes 40960
silly updated sha bytes 40960
silly updated sha bytes 40960
silly updated sha bytes 40960
silly updated sha bytes 40960
silly updated sha bytes 40960
silly updated sha bytes 40960
silly updated sha bytes 40960
silly updated sha bytes 40960
silly updated sha bytes 40960
silly updated sha bytes 40960
silly updated sha bytes 40960
silly updated sha bytes 40960
silly updated sha bytes 40960
silly updated sha bytes 40960
silly updated sha bytes 40960
silly updated sha bytes 40960
silly updated sha bytes 40960
silly updated sha bytes 40960
silly updated sha bytes 40960
silly updated sha bytes 40960
silly updated sha bytes 40960
silly updated sha bytes 40960
silly updated sha bytes 40960
silly updated sha bytes 40960
silly updated sha bytes 40960
silly updated sha bytes 40960
silly updated sha bytes 40960
silly updated sha bytes 40960
silly updated sha bytes 40960
silly updated sha bytes 40960
silly updated sha bytes 40960
silly updated sha bytes 40960
silly updated sha bytes 40960
silly updated sha bytes 40960
silly updated sha bytes 40960
silly updated sha bytes 40960
silly updated sha bytes 40960
silly updated sha bytes 40960
silly updated sha bytes 40960
silly updated sha bytes 40960
silly updated sha bytes 40960
silly updated sha bytes 40960
silly updated sha bytes 40960
silly updated sha bytes 40960
silly updated sha bytes 40960
silly updated sha bytes 40960
silly updated sha bytes 40960
silly updated sha bytes 40960
silly updated sha bytes 40960
silly updated sha bytes 40960
silly updated sha bytes 40960
silly updated sha bytes 40960
silly updated sha bytes 40960
silly updated sha bytes 40960
silly updated sha bytes 40960
silly updated sha bytes 40960
silly updated sha bytes 40960
silly updated sha bytes 40960
silly updated sha bytes 40960
silly updated sha bytes 40960
silly updated sha bytes 40960
silly updated sha bytes 40960
silly updated sha bytes 40960
silly updated sha bytes 40960
silly updated sha bytes 40960
silly updated sha bytes 40960
silly updated sha bytes 40960
silly updated sha bytes 40960
silly updated sha bytes 40960
silly updated sha bytes 40960
silly updated sha bytes 40960
silly updated sha bytes 40960
silly updated sha bytes 40960
silly updated sha bytes 40960
silly updated sha bytes 40960
silly updated sha bytes 40960
silly updated sha bytes 40960
silly updated sha bytes 40960
silly updated sha bytes 40960
silly updated sha bytes 40960
silly updated sha bytes 40960
silly updated sha bytes 40960
silly updated sha bytes 40960
silly updated sha bytes 40960
silly updated sha bytes 40960
silly updated sha bytes 40960
silly updated sha bytes 40960
silly updated sha bytes 40960
silly updated sha bytes 40960
silly updated sha bytes 40960
silly updated sha bytes 40960
silly updated sha bytes 40960
silly updated sha bytes 40960
silly updated sha bytes 40960
silly updated sha bytes 40960
silly updated sha bytes 40960
silly updated sha bytes 40960
silly updated sha bytes 40960
silly updated sha bytes 40960
silly updated sha bytes 40960
silly updated sha bytes 40960
silly updated sha bytes 40960
silly updated sha bytes 40960
silly updated sha bytes 40960
silly updated sha bytes 40960
silly updated sha bytes 40960
silly updated sha bytes 40960
silly updated sha bytes 40960
silly updated sha bytes 40960
silly updated sha bytes 40960
silly updated sha bytes 40960
silly updated sha bytes 40960
silly updated sha bytes 40960
silly updated sha bytes 40960
silly updated sha bytes 40960
silly updated sha bytes 40960
silly updated sha bytes 40960
silly updated sha bytes 40960
silly updated sha bytes 40960
silly updated sha bytes 40960
silly updated sha bytes 40960
silly updated sha bytes 40960
silly updated sha bytes 40960
silly updated sha bytes 40960
silly updated sha bytes 40960
silly updated sha bytes 40960
silly updated sha bytes 40960
silly updated sha bytes 40960
silly updated sha bytes 40960
silly updated sha bytes 40960
silly updated sha bytes 40960
silly updated sha bytes 40960
silly updated sha bytes 40960
silly updated sha bytes 40960
silly updated sha bytes 40960
silly updated sha bytes 40960
silly updated sha bytes 40960
silly updated sha bytes 40960
silly updated sha bytes 40960
silly updated sha bytes 40960
silly updated sha bytes 40960
silly updated sha bytes 40960
silly updated sha bytes 40960
silly updated sha bytes 40960
silly updated sha bytes 40960
silly updated sha bytes 40960
silly updated sha bytes 40960
silly updated sha bytes 40960
silly updated sha bytes 40960
silly updated sha bytes 40960
silly updated sha bytes 40960
silly updated sha bytes 40960
silly updated sha bytes 40960
silly updated sha bytes 40960
silly updated sha bytes 40960
silly updated sha bytes 40960
silly updated sha bytes 40960
silly updated sha bytes 40960
silly updated sha bytes 40960
silly updated sha bytes 40960
silly updated sha bytes 40960
silly updated sha bytes 40960
silly updated sha bytes 40960
silly updated sha bytes 40960
silly updated sha bytes 40960
silly updated sha bytes 40960
silly updated sha bytes 40960
silly updated sha bytes 40960
silly updated sha bytes 40960
silly updated sha bytes 40960
silly updated sha bytes 40960
silly updated sha bytes 40960
silly updated sha bytes 40960
silly updated sha bytes 40960
silly updated sha bytes 40960
silly updated sha bytes 40960
silly updated sha bytes 40960
silly updated sha bytes 40960
silly updated sha bytes 40960
silly updated sha bytes 40960
silly updated sha bytes 40960
silly updated sha bytes 40960
silly updated sha bytes 40960
silly updated sha bytes 40960
silly updated sha bytes 40960
silly updated sha bytes 40960
silly updated sha bytes 40960
silly updated sha bytes 40960
silly updated sha bytes 40960
silly updated sha bytes 40960
silly updated sha bytes 40960
silly updated sha bytes 40960
silly updated sha bytes 40960
silly updated sha bytes 40960
silly updated sha bytes 40960
silly updated sha bytes 40960
silly updated sha bytes 40960
silly updated sha bytes 40960
silly updated sha bytes 40960
silly updated sha bytes 40960
silly updated sha bytes 40960
silly updated sha bytes 40960
silly updated sha bytes 40960
silly updated sha bytes 40960
silly updated sha bytes 40960
silly updated sha bytes 40960
silly updated sha bytes 40960
silly updated sha bytes 40960
silly updated sha bytes 40960
silly updated sha bytes 40960
silly updated sha bytes 40960
silly updated sha bytes 40960
silly updated sha bytes 40960
silly updated sha bytes 40960
silly updated sha bytes 40960
silly updated sha bytes 40960
silly updated sha bytes 40960
silly updated sha bytes 40960
silly updated sha bytes 40960
silly updated sha bytes 40960
silly updated sha bytes 40960
silly updated sha bytes 40960
silly updated sha bytes 40960
silly updated sha bytes 40960
silly updated sha bytes 40960
silly updated sha bytes 40960
silly updated sha bytes 40960
silly updated sha bytes 40960
silly updated sha bytes 40960
silly updated sha bytes 40960
silly updated sha bytes 40960
silly updated sha bytes 40960
silly updated sha bytes 40960
silly updated sha bytes 40960
silly updated sha bytes 40960
silly updated sha bytes 40960
silly updated sha bytes 40960
silly updated sha bytes 40960
silly updated sha bytes 40960
silly updated sha bytes 40960
silly updated sha bytes 40960
silly updated sha bytes 40960
silly updated sha bytes 40960
silly updated sha bytes 40960
silly updated sha bytes 40960
silly updated sha bytes 40960
silly updated sha bytes 40960
silly updated sha bytes 40960
silly updated sha bytes 40960
silly updated sha bytes 40960
silly updated sha bytes 40960
silly updated sha bytes 40960
silly updated sha bytes 40960
silly updated sha bytes 40960
silly updated sha bytes 40960
silly updated sha bytes 40960
silly updated sha bytes 40960
silly updated sha bytes 40960
silly updated sha bytes 40960
silly updated sha bytes 40960
silly updated sha bytes 40960
silly updated sha bytes 40960
silly updated sha bytes 40960
silly updated sha bytes 40960
silly updated sha bytes 40960
silly updated sha bytes 40960
silly updated sha bytes 40960
silly updated sha bytes 40960
silly updated sha bytes 40960
silly updated sha bytes 40960
silly updated sha bytes 40960
silly updated sha bytes 40960
silly updated sha bytes 40960
silly updated sha bytes 40960
silly updated sha bytes 40960
silly updated sha bytes 40960
silly updated sha bytes 40960
silly updated sha bytes 40960
silly updated sha bytes 40960
silly updated sha bytes 40960
silly updated sha bytes 40960
silly updated sha bytes 40960
silly updated sha bytes 40960
silly updated sha bytes 40960
silly updated sha bytes 40960
silly updated sha bytes 40960
silly updated sha bytes 40960
silly updated sha bytes 40960
silly updated sha bytes 40960
silly updated sha bytes 40960
silly updated sha bytes 40960
silly updated sha bytes 40960
silly updated sha bytes 40960
silly updated sha bytes 40960
silly updated sha bytes 40960
silly updated sha bytes 40960
silly updated sha bytes 40960
silly updated sha bytes 40960
silly updated sha bytes 40960
silly updated sha bytes 40960
silly updated sha bytes 40960
silly updated sha bytes 40960
silly updated sha bytes 40960
silly updated sha bytes 40960
silly updated sha bytes 40960
silly updated sha bytes 40960
silly updated sha bytes 40960
silly updated sha bytes 40960
silly updated sha bytes 40960
silly updated sha bytes 40960
silly updated sha bytes 40960
silly updated sha bytes 40960
silly updated sha bytes 40960
silly updated sha bytes 40960
silly updated sha bytes 40960
silly updated sha bytes 40960
silly updated sha bytes 40960
silly updated sha bytes 40960
silly updated sha bytes 40960
silly updated sha bytes 40960
silly updated sha bytes 40960
silly updated sha bytes 40960
silly updated sha bytes 40960
silly updated sha bytes 40960
silly updated sha bytes 40960
silly updated sha bytes 40960
silly updated sha bytes 40960
silly updated sha bytes 40960
silly updated sha bytes 40960
silly updated sha bytes 40960
silly updated sha bytes 40960
silly updated sha bytes 40960
silly updated sha bytes 40960
silly updated sha bytes 40960
silly updated sha bytes 40960
silly updated sha bytes 40960
silly updated sha bytes 40960
silly updated sha bytes 40960
silly updated sha bytes 40960
silly updated sha bytes 40960
silly updated sha bytes 40960
silly updated sha bytes 40960
silly updated sha bytes 40960
silly updated sha bytes 40960
silly updated sha bytes 40960
silly updated sha bytes 40960
silly updated sha bytes 40960
silly updated sha bytes 40960
silly updated sha bytes 40960
silly updated sha bytes 40960
silly updated sha bytes 40960
silly updated sha bytes 40960
silly updated sha bytes 40960
silly updated sha bytes 40960
silly updated sha bytes 40960
silly updated sha bytes 40960
silly updated sha bytes 40960
silly updated sha bytes 40960
silly updated sha bytes 40960
silly updated sha bytes 40960
silly updated sha bytes 40960
silly updated sha bytes 40960
silly updated sha bytes 40960
silly updated sha bytes 40960
silly updated sha bytes 40960
silly updated sha bytes 40960
silly updated sha bytes 40960
silly updated sha bytes 40960
silly updated sha bytes 40960
silly updated sha bytes 40960
silly updated sha bytes 40960
silly updated sha bytes 40960
silly updated sha bytes 40960
silly updated sha bytes 40960
silly updated sha bytes 40960
silly updated sha bytes 40960
silly updated sha bytes 40960
silly updated sha bytes 40960
silly updated sha bytes 40960
silly updated sha bytes 40960
silly updated sha bytes 40960
silly updated sha bytes 40960
silly updated sha bytes 40960
silly updated sha bytes 40960
silly updated sha bytes 40960
silly updated sha bytes 40960
silly updated sha bytes 40960
silly updated sha bytes 40960
silly updated sha bytes 40960
silly updated sha bytes 40960
silly updated sha bytes 40960
silly updated sha bytes 40960
silly updated sha bytes 40960
silly updated sha bytes 40960
silly updated sha bytes 40960
silly updated sha bytes 40960
silly updated sha bytes 40960
silly updated sha bytes 40960
silly updated sha bytes 40960
silly updated sha bytes 40960
silly updated sha bytes 40960
silly updated sha bytes 40960
silly updated sha bytes 40960
silly updated sha bytes 40960
silly updated sha bytes 40960
silly updated sha bytes 40960
silly updated sha bytes 40960
silly updated sha bytes 40960
silly updated sha bytes 40960
silly updated sha bytes 40960
silly updated sha bytes 40960
silly updated sha bytes 40960
silly updated sha bytes 40960
silly updated sha bytes 40960
silly updated sha bytes 40960
silly updated sha bytes 40960
silly updated sha bytes 40960
silly updated sha bytes 40960
silly updated sha bytes 40960
silly updated sha bytes 40960
silly updated sha bytes 40960
silly updated sha bytes 40960
silly updated sha bytes 40960
silly updated sha bytes 40960
silly updated sha bytes 40960
silly updated sha bytes 40960
silly updated sha bytes 40960
silly updated sha bytes 40960
silly updated sha bytes 40960
silly updated sha bytes 40960
silly updated sha bytes 40960
silly updated sha bytes 40960
silly updated sha bytes 40960
silly updated sha bytes 40960
silly updated sha bytes 40960
silly updated sha bytes 40960
silly updated sha bytes 40960
silly updated sha bytes 40960
silly updated sha bytes 40960
silly updated sha bytes 40960
silly updated sha bytes 40960
silly updated sha bytes 40960
silly updated sha bytes 40960
silly updated sha bytes 40960
silly updated sha bytes 40960
silly updated sha bytes 40960
silly updated sha bytes 40960
silly updated sha bytes 40960
silly updated sha bytes 40960
silly updated sha bytes 40960
silly updated sha bytes 40960
silly updated sha bytes 40960
silly updated sha bytes 40960
silly updated sha bytes 40960
silly updated sha bytes 40960
silly updated sha bytes 40960
silly updated sha bytes 40960
silly updated sha bytes 40960
silly updated sha bytes 40960
silly updated sha bytes 40960
silly updated sha bytes 40960
silly updated sha bytes 40960
silly updated sha bytes 40960
silly updated sha bytes 40960
silly updated sha bytes 40960
silly updated sha bytes 40960
silly updated sha bytes 40960
silly updated sha bytes 40960
silly updated sha bytes 40960
silly updated sha bytes 40960
silly updated sha bytes 40960
silly updated sha bytes 40960
silly updated sha bytes 40960
silly updated sha bytes 40960
silly updated sha bytes 40960
silly updated sha bytes 40960
silly updated sha bytes 40960
silly updated sha bytes 40960
silly updated sha bytes 40960
silly updated sha bytes 40960
silly updated sha bytes 40960
silly updated sha bytes 40960
silly updated sha bytes 40960
silly updated sha bytes 40960
silly updated sha bytes 40960
silly updated sha bytes 40960
silly updated sha bytes 40960
silly updated sha bytes 40960
silly updated sha bytes 40960
silly updated sha bytes 40960
silly updated sha bytes 40960
silly updated sha bytes 40960
silly updated sha bytes 40960
silly updated sha bytes 40960
silly updated sha bytes 40960
silly updated sha bytes 40960
silly updated sha bytes 40960
silly updated sha bytes 40960
silly updated sha bytes 40960
silly updated sha bytes 40960
silly updated sha bytes 40960
silly updated sha bytes 40960
silly updated sha bytes 40960
silly updated sha bytes 40960
silly updated sha bytes 40960
silly updated sha bytes 40960
silly updated sha bytes 40960
silly updated sha bytes 40960
silly updated sha bytes 40960
silly updated sha bytes 40960
silly updated sha bytes 40960
silly updated sha bytes 40960
silly updated sha bytes 40960
silly updated sha bytes 40960
silly updated sha bytes 40960
silly updated sha bytes 40960
silly updated sha bytes 40960
silly updated sha bytes 40960
silly updated sha bytes 40960
silly updated sha bytes 40960
silly updated sha bytes 40960
silly updated sha bytes 40960
silly updated sha bytes 40960
silly updated sha bytes 40960
silly updated sha bytes 40960
silly updated sha bytes 40960
silly updated sha bytes 40960
silly updated sha bytes 40960
silly updated sha bytes 40960
silly updated sha bytes 40960
silly updated sha bytes 40960
silly updated sha bytes 40960
silly updated sha bytes 40960
silly updated sha bytes 40960
silly updated sha bytes 40960
silly updated sha bytes 40960
silly updated sha bytes 40960
silly updated sha bytes 40960
silly updated sha bytes 40960
silly updated sha bytes 40960
silly updated sha bytes 40960
silly updated sha bytes 40960
silly updated sha bytes 40960
silly updated sha bytes 40960
silly updated sha bytes 40960
silly updated sha bytes 40960
silly updated sha bytes 40960
silly updated sha bytes 40960
silly updated sha bytes 40960
silly updated sha bytes 40960
silly updated sha bytes 40960
silly updated sha bytes 40960
silly updated sha bytes 40960
silly updated sha bytes 40960
silly updated sha bytes 40960
silly updated sha bytes 40960
silly updated sha bytes 40960
silly updated sha bytes 40960
silly updated sha bytes 40960
silly updated sha bytes 40960
silly updated sha bytes 40960
silly updated sha bytes 40960
silly updated sha bytes 40960
silly updated sha bytes 40960
silly updated sha bytes 40960
silly updated sha bytes 40960
silly updated sha bytes 40960
silly updated sha bytes 40960
silly updated sha bytes 40960
silly updated sha bytes 40960
silly updated sha bytes 40960
silly updated sha bytes 40960
silly updated sha bytes 40960
silly updated sha bytes 40960
silly updated sha bytes 40960
silly updated sha bytes 40960
silly updated sha bytes 40960
silly updated sha bytes 40960
silly updated sha bytes 40960
silly updated sha bytes 40960
silly updated sha bytes 40960
silly updated sha bytes 40960
silly updated sha bytes 40960
silly updated sha bytes 40960
silly updated sha bytes 40960
silly updated sha bytes 40960
silly updated sha bytes 40960
silly updated sha bytes 40960
silly updated sha bytes 40960
silly updated sha bytes 40960
silly updated sha bytes 40960
silly updated sha bytes 40960
silly updated sha bytes 40960
silly updated sha bytes 40960
silly updated sha bytes 40960
silly updated sha bytes 40960
silly updated sha bytes 40960
silly updated sha bytes 40960
silly updated sha bytes 40960
silly updated sha bytes 40960
silly updated sha bytes 40960
silly updated sha bytes 40960
silly updated sha bytes 40960
silly updated sha bytes 40960
silly updated sha bytes 40960
silly updated sha bytes 40960
silly updated sha bytes 40960
silly updated sha bytes 40960
silly updated sha bytes 40960
silly updated sha bytes 40960
silly updated sha bytes 40960
silly updated sha bytes 40960
silly updated sha bytes 40960
silly updated sha bytes 40960
silly updated sha bytes 40960
silly updated sha bytes 40960
silly updated sha bytes 40960
silly updated sha bytes 40960
silly updated sha bytes 40960
silly updated sha bytes 40960
silly updated sha bytes 40960
silly updated sha bytes 40960
silly updated sha bytes 40960
silly updated sha bytes 40960
silly updated sha bytes 40960
silly updated sha bytes 40960
silly updated sha bytes 40960
silly updated sha bytes 40960
silly updated sha bytes 40960
silly updated sha bytes 40960
silly updated sha bytes 40960
silly updated sha bytes 40960
silly updated sha bytes 40960
silly updated sha bytes 40960
silly updated sha bytes 40960
silly updated sha bytes 40960
silly updated sha bytes 40960
silly updated sha bytes 40960
silly updated sha bytes 40960
silly updated sha bytes 40960
silly updated sha bytes 40960
silly updated sha bytes 40960
silly updated sha bytes 40960
silly updated sha bytes 40960
silly updated sha bytes 40960
silly updated sha bytes 40960
silly updated sha bytes 40960
silly updated sha bytes 40960
silly updated sha bytes 40960
silly updated sha bytes 40960
silly updated sha bytes 40960
silly updated sha bytes 40960
silly updated sha bytes 40960
silly updated sha bytes 40960
silly updated sha bytes 40960
silly updated sha bytes 40960
silly updated sha bytes 40960
silly updated sha bytes 40960
silly updated sha bytes 40960
silly updated sha bytes 40960
silly updated sha bytes 40960
silly updated sha bytes 40960
silly updated sha bytes 40960
silly updated sha bytes 40960
silly updated sha bytes 40960
silly updated sha bytes 40960
silly updated sha bytes 40960
silly updated sha bytes 40960
silly updated sha bytes 40960
silly updated sha bytes 40960
silly updated sha bytes 40960
silly updated sha bytes 40960
silly updated sha bytes 40960
silly updated sha bytes 40960
silly updated sha bytes 40960
silly updated sha bytes 40960
silly updated sha bytes 40960
silly updated sha bytes 40960
silly updated sha bytes 40960
silly updated sha bytes 40960
silly updated sha bytes 40960
silly updated sha bytes 40960
silly updated sha bytes 40960
silly updated sha bytes 40960
silly updated sha bytes 40960
silly updated sha bytes 40960
silly updated sha bytes 40960
silly updated sha bytes 40960
silly updated sha bytes 40960
silly updated sha bytes 40960
silly updated sha bytes 40960
silly updated sha bytes 40960
silly updated sha bytes 40960
silly updated sha bytes 40960
silly updated sha bytes 40960
silly updated sha bytes 40960
silly updated sha bytes 40960
silly updated sha bytes 40960
silly updated sha bytes 40960
silly updated sha bytes 40960
silly updated sha bytes 40960
silly updated sha bytes 40960
silly updated sha bytes 40960
silly updated sha bytes 40960
silly updated sha bytes 40960
silly updated sha bytes 40960
silly updated sha bytes 40960
silly updated sha bytes 40960
silly updated sha bytes 40960
silly updated sha bytes 40960
silly updated sha bytes 40960
silly updated sha bytes 40960
silly updated sha bytes 40960
silly updated sha bytes 40960
silly updated sha bytes 40960
silly updated sha bytes 40960
silly updated sha bytes 40960
silly updated sha bytes 40960
silly updated sha bytes 40960
silly updated sha bytes 40960
silly updated sha bytes 40960
silly updated sha bytes 40960
silly updated sha bytes 40960
silly updated sha bytes 40960
silly updated sha bytes 40960
silly updated sha bytes 40960
silly updated sha bytes 40960
silly updated sha bytes 40960
silly updated sha bytes 40960
silly updated sha bytes 40960
silly updated sha bytes 40960
silly updated sha bytes 40960
silly updated sha bytes 40960
silly updated sha bytes 40960
silly updated sha bytes 40960
silly updated sha bytes 40960
silly updated sha bytes 40960
silly updated sha bytes 40960
silly updated sha bytes 40960
silly updated sha bytes 40960
silly updated sha bytes 40960
silly updated sha bytes 40960
silly updated sha bytes 40960
silly updated sha bytes 40960
silly updated sha bytes 40960
silly updated sha bytes 40960
silly updated sha bytes 40960
silly updated sha bytes 40960
silly updated sha bytes 40960
silly updated sha bytes 40960
silly updated sha bytes 40960
silly updated sha bytes 40960
silly updated sha bytes 40960
silly updated sha bytes 40960
silly updated sha bytes 40960
silly updated sha bytes 40960
silly updated sha bytes 40960
silly updated sha bytes 40960
silly updated sha bytes 40960
silly updated sha bytes 40960
silly updated sha bytes 40960
silly updated sha bytes 40960
silly updated sha bytes 40960
silly updated sha bytes 40960
silly updated sha bytes 40960
silly updated sha bytes 40960
silly updated sha bytes 40960
silly updated sha bytes 40960
silly updated sha bytes 40960
silly updated sha bytes 40960
silly updated sha bytes 40960
silly updated sha bytes 40960
silly updated sha bytes 40960
silly updated sha bytes 40960
silly updated sha bytes 40960
silly updated sha bytes 40960
silly updated sha bytes 40960
silly updated sha bytes 40960
silly updated sha bytes 40960
silly updated sha bytes 40960
silly updated sha bytes 40960
silly updated sha bytes 40960
silly updated sha bytes 40960
silly updated sha bytes 40960
silly updated sha bytes 40960
silly updated sha bytes 40960
silly updated sha bytes 40960
silly updated sha bytes 40960
silly updated sha bytes 40960
silly updated sha bytes 40960
silly updated sha bytes 40960
silly updated sha bytes 40960
silly updated sha bytes 40960
silly updated sha bytes 40960
silly updated sha bytes 40960
silly updated sha bytes 40960
silly updated sha bytes 40960
silly updated sha bytes 40960
silly updated sha bytes 40960
silly updated sha bytes 40960
silly updated sha bytes 40960
silly updated sha bytes 40960
silly updated sha bytes 40960
silly updated sha bytes 40960
silly updated sha bytes 40960
silly updated sha bytes 40960
silly updated sha bytes 40960
silly updated sha bytes 40960
silly updated sha bytes 40960
silly updated sha bytes 40960
silly updated sha bytes 40960
silly updated sha bytes 40960
silly updated sha bytes 40960
silly updated sha bytes 40960
silly updated sha bytes 40960
silly updated sha bytes 40960
silly updated sha bytes 40960
silly updated sha bytes 40960
silly updated sha bytes 40960
silly updated sha bytes 40960
silly updated sha bytes 40960
silly updated sha bytes 40960
silly updated sha bytes 40960
silly updated sha bytes 40960
silly updated sha bytes 40960
silly updated sha bytes 40960
silly updated sha bytes 40960
silly updated sha bytes 40960
silly updated sha bytes 40960
silly updated sha bytes 40960
silly updated sha bytes 40960
silly updated sha bytes 40960
silly updated sha bytes 40960
silly updated sha bytes 40960
silly updated sha bytes 1156
info shasum a2787d92b63e6b270f4305cf690f111db3f417e7
info shasum /root/.npm/rpc-socket/0.0.1/package.tgz
verbose from cache /root/.npm/rpc-socket/0.0.1/package/package.json
verbose chmod /root/.npm/rpc-socket/0.0.1/package.tgz 644
silly publish { name: 'rpc-socket',
silly publish   version: '0.0.1',
silly publish   description: 'RPC like calling over different types of sockets',
silly publish   keywords: [ 'rpc', 'json', 'socket', 'server', 'client' ],
silly publish   author: { name: 'Tim', email: 'flybyme@wiyc.info' },
silly publish   bugs: 
silly publish    { email: 'bug@wiyc.info',
silly publish      url: 'https://github.com/FLYBYME/rpc-socket' },
silly publish   repository: 
silly publish    { type: 'git',
silly publish      url: 'git://github.com/FLYBYME/rpc-socket.git' },
silly publish   engines: { node: '>=0.4.0' },
silly publish   main: './lib/manager',
silly publish   dependencies: { 'socket.io': '' },
silly publish   devDependencies: {},
silly publish   _npmJsonOpts: 
silly publish    { file: '/root/.npm/rpc-socket/0.0.1/package/package.json',
silly publish      wscript: false,
silly publish      contributors: false,
silly publish      serverjs: false },
silly publish   _id: 'rpc-socket@0.0.1',
silly publish   _engineSupported: true,
silly publish   _npmVersion: '1.0.15',
silly publish   _nodeVersion: 'v0.5.1-pre',
silly publish   _defaultsLoaded: true,
silly publish   dist: 
silly publish    { shasum: 'a2787d92b63e6b270f4305cf690f111db3f417e7',
silly publish      tarball: 'http://registry.npmjs.org/rpc-socket/-/rpc-socket-0.0.1.tgz' },
silly publish   scripts: {} }
info prepublish rpc-socket@0.0.1
verbose PUT rpc-socket
verbose raw, before any munging rpc-socket
verbose url resolving [ 'http://registry.npmjs.org/', './rpc-socket' ]
verbose url resolved http://registry.npmjs.org/rpc-socket
verbose url parsed { protocol: 'http:',
verbose url parsed   slashes: true,
verbose url parsed   host: 'registry.npmjs.org',
verbose url parsed   hostname: 'registry.npmjs.org',
verbose url parsed   href: 'http://registry.npmjs.org/rpc-socket',
verbose url parsed   pathname: '/rpc-socket' }
WARN Sending authorization over insecure channel.
silly writing json { _id: 'rpc-socket',
silly writing json   name: 'rpc-socket',
silly writing json   description: 'RPC like calling over different types of sockets',
silly writing json   'dist-tags': {},
silly writing json   versions: {},
silly writing json   maintainers: [ { name: 'flybyme', email: 'price.timmy@gmail.com' } ] }
verbose response http://registry.npmjs.org/rpc-socket
silly chunk {"error":"conflict","reason":"Document update conflict."}
silly chunk 
verbose GET rpc-socket
verbose raw, before any munging rpc-socket
verbose url resolving [ 'http://registry.npmjs.org/', './rpc-socket' ]
verbose url resolved http://registry.npmjs.org/rpc-socket
verbose url parsed { protocol: 'http:',
verbose url parsed   slashes: true,
verbose url parsed   host: 'registry.npmjs.org',
verbose url parsed   hostname: 'registry.npmjs.org',
verbose url parsed   href: 'http://registry.npmjs.org/rpc-socket',
verbose url parsed   pathname: '/rpc-socket' }
verbose response http://registry.npmjs.org/rpc-socket
silly chunk {"_id":"rpc-socket","_rev":"2-1867e22314f270d2a60ec6eb4d5c556e","name":"rpc-socket","description":"RPC like calling over different types of sockets","dist-tags":{"latest":"0.0.1"},"versions":{"0.0.1":{"name":"rpc-socket","version":"0.0.1","description":"RPC like calling over different types of sockets","keywords":["rpc","json","socket","server","client"],"author":{"name":"Tim","email":"flybyme@wiyc.info"},"bugs":{"email":"bug@wiyc.info","url":"https://github.com/FLYBYME/rpc-socket"},"repository":{"type":"git","url":"git://github.com/FLYBYME/rpc-socket.git"},"engines":{"node":">=0.4.0"},"main":"./lib/manager","dependencies":{"socket.io":""},"devDependencies":{},"_npmJsonOpts":{"file":"/root/.npm/rpc-socket/0.0.1/package/package.json","wscript":false,"contributors":false,"serverjs":false},"_id":"rpc-socket@0.0.1","_engineSupported":true,"_npmVersion":"1.0.15","_nodeVersion":"v0.5.1-pre","_defaultsLoaded":true,"dist":{"shasum":"4be7d416de5e45074181c69971cccf14458c5805","tarball":"http://registry.npmjs.org/rpc-socket/-/rpc-socket-0.0.1.tgz"},"scripts":{},"directories":{}}},"maintainers":[{"name":"flybyme","email":"price.timmy@gmail.com"}],"time":{"0.0.1":"2011-07-30T18:47:45.242Z"},"author":{"name":"Tim","email":"flybyme@wiyc.info"},"repository":{"type":"git","url":"git://github.com/FLYBYME/rpc-socket.git"}}
info Already published rpc-socket@0.0.1
verbose uploading bin dists []
ERR! publish fail Cannot publish over existing version.
ERR! publish fail Bump the 'version' field, set the --force flag, or
ERR! publish fail     npm unpublish 'rpc-socket@0.0.1'
ERR! publish fail and try again
ERR! 
ERR! System Linux 2.6.38
ERR! command "node" "/usr/local/bin/npm" "publish" "--fource"
verbose exit [ 1, true ]
